<?xml version="1.0" encoding="UTF-8"?>
<!-- Generated by org.testng.reporters.JUnitXMLReporter -->
<testsuite hostname="LAPTOP-BD4H2O2S" ignored="0" name="Default test" tests="5" failures="0" timestamp="03 Dec 2019 15:34:19 GMT" time="16.929" errors="0">
  <testcase name="registrationTest" time="6.584" classname="com.docker.test.BookFlightTest"/>
  <testcase name="registrationConfirmation" time="1.258" classname="com.docker.test.BookFlightTest"/>
  <testcase name="flightDetailsPage" time="1.329" classname="com.docker.test.BookFlightTest"/>
  <testcase name="findFlightPage" time="3.234" classname="com.docker.test.BookFlightTest"/>
  <testcase name="flightConformationPage" time="1.808" classname="com.docker.test.BookFlightTest"/>
</testsuite> <!-- Default test -->
