<?xml version="1.0" encoding="UTF-8"?>
<!-- Generated by org.testng.reporters.JUnitXMLReporter -->
<testsuite hostname="LAPTOP-BD4H2O2S" ignored="0" name="Book Flight Test2" tests="5" failures="0" timestamp="04 Dec 2019 12:35:26 GMT" time="171.689" errors="0">
  <testcase name="registrationTest" time="144.969" classname="com.docker.test.BookFlightTest"/>
  <testcase name="registrationConfirmation" time="1.351" classname="com.docker.test.BookFlightTest"/>
  <testcase name="flightDetailsPage" time="1.471" classname="com.docker.test.BookFlightTest"/>
  <testcase name="findFlightPage" time="3.401" classname="com.docker.test.BookFlightTest"/>
  <testcase name="flightConformationPage" time="1.863" classname="com.docker.test.BookFlightTest"/>
</testsuite> <!-- Book Flight Test2 -->
