<?xml version="1.0" encoding="UTF-8"?>
<testng-results skipped="0" failed="0" ignored="0" total="4" passed="4">
  <reporter-output>
  </reporter-output>
  <suite name="Docker Selenium Test" duration-ms="23028" started-at="2019-12-04T13:26:54Z" finished-at="2019-12-04T13:27:17Z">
    <groups>
    </groups>
    <test name="Book Flight Test1" duration-ms="6791" started-at="2019-12-04T13:26:54Z" finished-at="2019-12-04T13:27:01Z">
      <class name="com.docker.search.SearchTest">
        <test-method status="PASS" signature="setUpDriver()[pri:0, instance:com.docker.search.SearchTest@8bd1b6a]" name="setUpDriver" is-config="true" duration-ms="3557" started-at="2019-12-04T13:26:54Z" finished-at="2019-12-04T13:26:58Z">
          <reporter-output>
          </reporter-output>
        </test-method> <!-- setUpDriver -->
        <test-method status="PASS" signature="registrationTest()[pri:0, instance:com.docker.search.SearchTest@8bd1b6a]" name="registrationTest" duration-ms="3122" started-at="2019-12-04T13:26:58Z" finished-at="2019-12-04T13:27:01Z">
          <reporter-output>
          </reporter-output>
        </test-method> <!-- registrationTest -->
        <test-method status="PASS" signature="quit()[pri:0, instance:com.docker.search.SearchTest@8bd1b6a]" name="quit" is-config="true" duration-ms="83" started-at="2019-12-04T13:27:01Z" finished-at="2019-12-04T13:27:01Z">
          <reporter-output>
          </reporter-output>
        </test-method> <!-- quit -->
      </class> <!-- com.docker.search.SearchTest -->
    </test> <!-- Book Flight Test1 -->
    <test name="Book Flight Test2" duration-ms="4742" started-at="2019-12-04T13:27:01Z" finished-at="2019-12-04T13:27:06Z">
      <class name="com.docker.search.SearchTest">
        <test-method status="PASS" signature="setUpDriver()[pri:0, instance:com.docker.search.SearchTest@685cb137]" name="setUpDriver" is-config="true" duration-ms="2656" started-at="2019-12-04T13:27:01Z" finished-at="2019-12-04T13:27:04Z">
          <reporter-output>
          </reporter-output>
        </test-method> <!-- setUpDriver -->
        <test-method status="PASS" signature="registrationTest()[pri:0, instance:com.docker.search.SearchTest@685cb137]" name="registrationTest" duration-ms="1997" started-at="2019-12-04T13:27:04Z" finished-at="2019-12-04T13:27:06Z">
          <reporter-output>
          </reporter-output>
        </test-method> <!-- registrationTest -->
        <test-method status="PASS" signature="quit()[pri:0, instance:com.docker.search.SearchTest@685cb137]" name="quit" is-config="true" duration-ms="86" started-at="2019-12-04T13:27:06Z" finished-at="2019-12-04T13:27:06Z">
          <reporter-output>
          </reporter-output>
        </test-method> <!-- quit -->
      </class> <!-- com.docker.search.SearchTest -->
    </test> <!-- Book Flight Test2 -->
    <test name="Book Flight Test3" duration-ms="6617" started-at="2019-12-04T13:27:06Z" finished-at="2019-12-04T13:27:13Z">
      <class name="com.docker.search.SearchTest">
        <test-method status="PASS" signature="setUpDriver()[pri:0, instance:com.docker.search.SearchTest@7d9d1a19]" name="setUpDriver" is-config="true" duration-ms="2281" started-at="2019-12-04T13:27:06Z" finished-at="2019-12-04T13:27:08Z">
          <reporter-output>
          </reporter-output>
        </test-method> <!-- setUpDriver -->
        <test-method status="PASS" signature="registrationTest()[pri:0, instance:com.docker.search.SearchTest@7d9d1a19]" name="registrationTest" duration-ms="4256" started-at="2019-12-04T13:27:08Z" finished-at="2019-12-04T13:27:13Z">
          <reporter-output>
          </reporter-output>
        </test-method> <!-- registrationTest -->
        <test-method status="PASS" signature="quit()[pri:0, instance:com.docker.search.SearchTest@7d9d1a19]" name="quit" is-config="true" duration-ms="77" started-at="2019-12-04T13:27:13Z" finished-at="2019-12-04T13:27:13Z">
          <reporter-output>
          </reporter-output>
        </test-method> <!-- quit -->
      </class> <!-- com.docker.search.SearchTest -->
    </test> <!-- Book Flight Test3 -->
    <test name="Book Flight Test4" duration-ms="4794" started-at="2019-12-04T13:27:13Z" finished-at="2019-12-04T13:27:17Z">
      <class name="com.docker.search.SearchTest">
        <test-method status="PASS" signature="setUpDriver()[pri:0, instance:com.docker.search.SearchTest@5442a311]" name="setUpDriver" is-config="true" duration-ms="2169" started-at="2019-12-04T13:27:13Z" finished-at="2019-12-04T13:27:15Z">
          <reporter-output>
          </reporter-output>
        </test-method> <!-- setUpDriver -->
        <test-method status="PASS" signature="registrationTest()[pri:0, instance:com.docker.search.SearchTest@5442a311]" name="registrationTest" duration-ms="2542" started-at="2019-12-04T13:27:15Z" finished-at="2019-12-04T13:27:17Z">
          <reporter-output>
          </reporter-output>
        </test-method> <!-- registrationTest -->
        <test-method status="PASS" signature="quit()[pri:0, instance:com.docker.search.SearchTest@5442a311]" name="quit" is-config="true" duration-ms="80" started-at="2019-12-04T13:27:17Z" finished-at="2019-12-04T13:27:17Z">
          <reporter-output>
          </reporter-output>
        </test-method> <!-- quit -->
      </class> <!-- com.docker.search.SearchTest -->
    </test> <!-- Book Flight Test4 -->
  </suite> <!-- Docker Selenium Test -->
</testng-results>
